#
# A fatal error has been detected by the Java Runtime Environment:
#
#  EXCEPTION_ACCESS_VIOLATION (0xc0000005) at pc=0x0000000069166b03, pid=4244, tid=3272
#
# JRE version: Java(TM) SE Runtime Environment (14.0.2+12) (build 14.0.2+12-46)
# Java VM: Java HotSpot(TM) 64-Bit Server VM (14.0.2+12-46, mixed mode, sharing, tiered, compressed oops, g1 gc, windows-amd64)
# Problematic frame:
# C  [nvoglv64.DLL+0x736b03]
#
# No core dump will be written. Minidumps are not enabled by default on client versions of Windows
#
# If you would like to submit a bug report, please visit:
#   https://bugreport.java.com/bugreport/crash.jsp
# The crash happened outside the Java Virtual Machine in native code.
# See problematic frame for where to report the bug.
#

---------------  S U M M A R Y ------------

Command Line: -Dfile.encoding=windows-1250 -Duser.country=CZ -Duser.language=cs -Duser.variant educanet.Main

Host: Intel(R) Core(TM) i7-4800MQ CPU @ 2.70GHz, 8 cores, 15G,  Windows 7 , 64 bit Build 7601 (6.1.7601.24545)
Time: Mon May 17 23:14:48 2021 Stoední Evropa (letní eas) elapsed time: 46 seconds (0d 0h 0m 46s)

---------------  T H R E A D  ---------------

Current thread (0x0000000000421800):  JavaThread "main" [_thread_in_native, id=3272, stack(0x0000000002210000,0x0000000002310000)]

Stack: [0x0000000002210000,0x0000000002310000],  sp=0x000000000230ef40,  free space=1019k
Native frames: (J=compiled Java code, j=interpreted, Vv=VM code, C=native code)
C  [nvoglv64.DLL+0x736b03]

Java frames: (J=compiled Java code, j=interpreted, Vv=VM code)
J 775  org.lwjgl.system.JNI.invokeV(J)V (0 bytes) @ 0x0000000012d6b471 [0x0000000012d6b420+0x0000000000000051]
j  org.lwjgl.glfw.GLFW.glfwTerminate()V+5
j  educanet.Main.main([Ljava/lang/String;)V+136
v  ~StubRoutines::call_stub

siginfo: EXCEPTION_ACCESS_VIOLATION (0xc0000005), reading address 0xffffffffffffffff


Register to memory mapping:

RIP=0x0000000069166b03 nvoglv64.DLL
RAX=0x3f8000003f800000 is an unknown value
RBX=0x3f8000003f800000 is an unknown value
RCX=0x000000002d64ac48 points into unknown readable memory: 00 00 00 00 00 00 00 00
RDX=0x000000002d64acd0 points into unknown readable memory: 01 00 00 00 00 00 00 00
RSP=0x000000000230ef40 is pointing into the stack for thread: 0x0000000000421800
RBP=0x0 is NULL
RSI=0x0 is NULL
RDI=0x0000000028f60000 points into unknown readable memory: 60 29 2d 29 00 00 00 00
R8 =0x000000002d64ac48 points into unknown readable memory: 00 00 00 00 00 00 00 00
R9 =0x0000000028fbdf50 points into unknown readable memory: 00 00 00 00 00 00 00 00
R10=0x0000000000000242 is an unknown value
R11=0x0000006dffff0000 is an unknown value
R12=0x0 is NULL
R13=0x000000000230f1c0 is pointing into the stack for thread: 0x0000000000421800
R14=0x000000000230f190 is pointing into the stack for thread: 0x0000000000421800
R15=0x0000000000000002 is an unknown value


Registers:
RAX=0x3f8000003f800000, RBX=0x3f8000003f800000, RCX=0x000000002d64ac48, RDX=0x000000002d64acd0
RSP=0x000000000230ef40, RBP=0x0000000000000000, RSI=0x0000000000000000, RDI=0x0000000028f60000
R8 =0x000000002d64ac48, R9 =0x0000000028fbdf50, R10=0x0000000000000242, R11=0x0000006dffff0000
R12=0x0000000000000000, R13=0x000000000230f1c0, R14=0x000000000230f190, R15=0x0000000000000002
RIP=0x0000000069166b03, EFLAGS=0x0000000000010206

Top of Stack: (sp=0x000000000230ef40)
0x000000000230ef40:   000000000000015c 0000000000000000
0x000000000230ef50:   0000000000000000 0000000028f60000
0x000000000230ef60:   0000000028f60000 000000006918854e
0x000000000230ef70:   0000000028f60000 0000000000000000
0x000000000230ef80:   0000000000000000 0000000028f60000
0x000000000230ef90:   0000000028f60000 0000000069541b0e
0x000000000230efa0:   0000000000000000 0000000000000000
0x000000000230efb0:   0000000000000000 0000000028f60000
0x000000000230efc0:   0000000000000002 000000000230f190
0x000000000230efd0:   0000000000000000 00000000694c8734
0x000000000230efe0:   000000002963f010 000007ffffef0000
0x000000000230eff0:   000007ffffef0000 00000000291a0410
0x000000000230f000:   0000000000000000 000007feee0d41c6
0x000000000230f010:   0000000000000000 0000000000000000
0x000000000230f020:   00000000291a0410 000007ffffef0000
0x000000000230f030:   0000000000000000 0000000000000000 

Instructions: (pc=0x0000000069166b03)
0x0000000069166a03:   48 8b 5c 24 30 48 83 c4 20 5f c3 cc cc 48 89 5c
0x0000000069166a13:   24 08 57 48 83 ec 20 48 8b f9 bb 21 00 00 00 0f
0x0000000069166a23:   1f 40 00 66 66 0f 1f 84 00 00 00 00 00 44 8b 05
0x0000000069166a33:   61 62 dc 01 4c 8d 0d d2 60 dc 01 8b d3 48 8b cf
0x0000000069166a43:   e8 58 e6 ff ff ff 0d f2 60 dc 01 ff c3 81 fb 5d
0x0000000069166a53:   01 00 00 7c d8 80 3d 72 f3 dd 01 00 75 09 80 3d
0x0000000069166a63:   68 f3 dd 01 00 74 2e 0f b6 05 6f f3 dd 01 84 c0
0x0000000069166a73:   75 06 ff 05 59 f3 dd 01 8b 05 5b f3 dd 01 83 f8
0x0000000069166a83:   01 76 12 48 8d 0d 43 f8 dd 01 e8 4e 10 e4 ff ff
0x0000000069166a93:   05 30 f8 dd 01 48 8b 05 21 5f dc 01 48 8b 18 48
0x0000000069166aa3:   8b 1b 48 85 db 0f 84 bd 00 00 00 48 8b 43 20 48
0x0000000069166ab3:   85 c0 74 15 66 0f 1f 84 00 00 00 00 00 48 8b d8
0x0000000069166ac3:   48 8b 40 20 48 85 c0 75 f4 48 85 db 0f 84 96 00
0x0000000069166ad3:   00 00 66 66 66 0f 1f 84 00 00 00 00 00 48 8b 43
0x0000000069166ae3:   28 48 8b 13 48 85 c0 74 22 48 8b d8 48 8b 40 20
0x0000000069166af3:   48 85 c0 74 35 0f 1f 84 00 00 00 00 00 48 8b d8
0x0000000069166b03:   48 8b 40 20 48 85 c0 75 f4 eb 1f 48 8b 43 18 48
0x0000000069166b13:   85 c0 74 12 48 3b 58 28 75 0c 48 8b d8 48 8b 40
0x0000000069166b23:   18 48 85 c0 75 ee 48 8b 5b 18 48 8b 82 50 01 00
0x0000000069166b33:   00 48 8d 8a 48 01 00 00 4c 8d 82 48 01 00 00 48
0x0000000069166b43:   3b c1 74 0e 48 39 38 74 09 48 8b 40 08 48 3b c1
0x0000000069166b53:   75 f2 49 3b c0 74 08 48 8b cf e8 de 08 00 00 48
0x0000000069166b63:   85 db 0f 85 75 ff ff ff 33 db 38 1d 5e f2 dd 01
0x0000000069166b73:   75 08 38 1d 55 f2 dd 01 74 33 8b 05 45 f7 dd 01
0x0000000069166b83:   85 c0 7e 18 ff 0d 3b f7 dd 01 83 05 40 f7 dd 01
0x0000000069166b93:   ff 75 09 0f ae f8 89 1d 31 f7 dd 01 0f b6 05 3a
0x0000000069166ba3:   f2 dd 01 84 c0 75 06 ff 0d 24 f2 dd 01 83 2d 59
0x0000000069166bb3:   5f dc 01 01 75 45 39 1d cd 60 dc 01 74 12 45 33
0x0000000069166bc3:   c0 48 8d 15 45 5f dc 01 48 8b cf e8 fd b8 65 00
0x0000000069166bd3:   0f b6 05 77 5f dc 01 24 38 3c 08 75 0f 48 8d 15
0x0000000069166be3:   29 5f dc 01 48 8b cf e8 f1 21 00 00 48 8d 15 1a
0x0000000069166bf3:   5f dc 01 48 8b cf e8 82 2a 3d 00 48 8b 87 40 df 


Stack slot to memory mapping:
stack at sp + 0 slots: 0x000000000000015c is an unknown value
stack at sp + 1 slots: 0x0 is NULL
stack at sp + 2 slots: 0x0 is NULL
stack at sp + 3 slots: 0x0000000028f60000 points into unknown readable memory: 60 29 2d 29 00 00 00 00
stack at sp + 4 slots: 0x0000000028f60000 points into unknown readable memory: 60 29 2d 29 00 00 00 00
stack at sp + 5 slots: 0x000000006918854e nvoglv64.DLL
stack at sp + 6 slots: 0x0000000028f60000 points into unknown readable memory: 60 29 2d 29 00 00 00 00
stack at sp + 7 slots: 0x0 is NULL


---------------  P R O C E S S  ---------------

Threads class SMR info:
_java_thread_list=0x000000002cf05f80, length=11, elements={
0x0000000000421800, 0x0000000027f63000, 0x0000000027f65800, 0x0000000027f7f000,
0x0000000027f82000, 0x0000000027f85800, 0x0000000027f8b000, 0x0000000027f90800,
0x0000000027fa2800, 0x00000000280bf800, 0x00000000280cd800
}

Java Threads: ( => current thread )
=>0x0000000000421800 JavaThread "main" [_thread_in_native, id=3272, stack(0x0000000002210000,0x0000000002310000)]
  0x0000000027f63000 JavaThread "Reference Handler" daemon [_thread_blocked, id=11900, stack(0x00000000272f0000,0x00000000273f0000)]
  0x0000000027f65800 JavaThread "Finalizer" daemon [_thread_blocked, id=8692, stack(0x0000000028390000,0x0000000028490000)]
  0x0000000027f7f000 JavaThread "Signal Dispatcher" daemon [_thread_blocked, id=10956, stack(0x00000000285f0000,0x00000000286f0000)]
  0x0000000027f82000 JavaThread "Attach Listener" daemon [_thread_blocked, id=10872, stack(0x00000000286f0000,0x00000000287f0000)]
  0x0000000027f85800 JavaThread "Service Thread" daemon [_thread_blocked, id=13052, stack(0x0000000028800000,0x0000000028900000)]
  0x0000000027f8b000 JavaThread "C2 CompilerThread0" daemon [_thread_blocked, id=14028, stack(0x0000000028960000,0x0000000028a60000)]
  0x0000000027f90800 JavaThread "C1 CompilerThread0" daemon [_thread_blocked, id=8768, stack(0x00000000284c0000,0x00000000285c0000)]
  0x0000000027fa2800 JavaThread "Sweeper thread" daemon [_thread_blocked, id=10440, stack(0x00000000241d0000,0x00000000242d0000)]
  0x00000000280bf800 JavaThread "Notification Thread" daemon [_thread_blocked, id=11736, stack(0x0000000028ab0000,0x0000000028bb0000)]
  0x00000000280cd800 JavaThread "Common-Cleaner" daemon [_thread_blocked, id=3536, stack(0x0000000028e60000,0x0000000028f60000)]

Other Threads:
  0x000000002710e800 VMThread "VM Thread" [stack: 0x0000000027e60000,0x0000000027f60000] [id=2892]
  0x00000000280c3800 WatcherThread [stack: 0x0000000028c00000,0x0000000028d00000] [id=9848]
  0x000000001c2a5000 GCTaskThread "GC Thread#0" [stack: 0x00000000242d0000,0x00000000243d0000] [id=13456]
  0x000000001c2c9000 ConcurrentGCThread "G1 Main Marker" [stack: 0x0000000024590000,0x0000000024690000] [id=5364]
  0x000000001c2ca800 ConcurrentGCThread "G1 Conc#0" [stack: 0x0000000024460000,0x0000000024560000] [id=1440]
  0x0000000026f74000 ConcurrentGCThread "G1 Refine#0" [stack: 0x0000000027190000,0x0000000027290000] [id=10708]
  0x0000000026f7a800 ConcurrentGCThread "G1 Young RemSet Sampling" [stack: 0x0000000027460000,0x0000000027560000] [id=12676]

Threads with active compile tasks:

VM state:not at safepoint (normal execution)

VM Mutex/Monitor currently owned by a thread: None

Heap address: 0x0000000705800000, size: 4008 MB, Compressed Oops mode: Zero based, Oop shift amount: 3
Narrow klass base: 0x0000000800000000, Narrow klass shift: 3
Compressed class space size: 1073741824 Address: 0x0000000800b30000

Heap:
 garbage-first heap   total 258048K, used 21504K [0x0000000705800000, 0x0000000800000000)
  region size 1024K, 23 young (23552K), 0 survivors (0K)
 Metaspace       used 7325K, capacity 10270K, committed 10496K, reserved 1058816K
  class space    used 355K, capacity 662K, committed 768K, reserved 1048576K
Heap Regions: E=young(eden), S=young(survivor), O=old, HS=humongous(starts), HC=humongous(continues), CS=collection set, F=free, OA=open archive, CA=closed archive, TAMS=top-at-mark-start (previous, next)
|   0|0x0000000705800000, 0x0000000705800000, 0x0000000705900000|  0%| F|  |TAMS 0x0000000705800000, 0x0000000705800000| Untracked 
|   1|0x0000000705900000, 0x0000000705900000, 0x0000000705a00000|  0%| F|  |TAMS 0x0000000705900000, 0x0000000705900000| Untracked 
|   2|0x0000000705a00000, 0x0000000705a00000, 0x0000000705b00000|  0%| F|  |TAMS 0x0000000705a00000, 0x0000000705a00000| Untracked 
|   3|0x0000000705b00000, 0x0000000705b00000, 0x0000000705c00000|  0%| F|  |TAMS 0x0000000705b00000, 0x0000000705b00000| Untracked 
|   4|0x0000000705c00000, 0x0000000705c00000, 0x0000000705d00000|  0%| F|  |TAMS 0x0000000705c00000, 0x0000000705c00000| Untracked 
|   5|0x0000000705d00000, 0x0000000705d00000, 0x0000000705e00000|  0%| F|  |TAMS 0x0000000705d00000, 0x0000000705d00000| Untracked 
|   6|0x0000000705e00000, 0x0000000705e00000, 0x0000000705f00000|  0%| F|  |TAMS 0x0000000705e00000, 0x0000000705e00000| Untracked 
|   7|0x0000000705f00000, 0x0000000705f00000, 0x0000000706000000|  0%| F|  |TAMS 0x0000000705f00000, 0x0000000705f00000| Untracked 
|   8|0x0000000706000000, 0x0000000706000000, 0x0000000706100000|  0%| F|  |TAMS 0x0000000706000000, 0x0000000706000000| Untracked 
|   9|0x0000000706100000, 0x0000000706100000, 0x0000000706200000|  0%| F|  |TAMS 0x0000000706100000, 0x0000000706100000| Untracked 
|  10|0x0000000706200000, 0x0000000706200000, 0x0000000706300000|  0%| F|  |TAMS 0x0000000706200000, 0x0000000706200000| Untracked 
|  11|0x0000000706300000, 0x0000000706300000, 0x0000000706400000|  0%| F|  |TAMS 0x0000000706300000, 0x0000000706300000| Untracked 
|  12|0x0000000706400000, 0x0000000706400000, 0x0000000706500000|  0%| F|  |TAMS 0x0000000706400000, 0x0000000706400000| Untracked 
|  13|0x0000000706500000, 0x0000000706500000, 0x0000000706600000|  0%| F|  |TAMS 0x0000000706500000, 0x0000000706500000| Untracked 
|  14|0x0000000706600000, 0x0000000706600000, 0x0000000706700000|  0%| F|  |TAMS 0x0000000706600000, 0x0000000706600000| Untracked 
|  15|0x0000000706700000, 0x0000000706700000, 0x0000000706800000|  0%| F|  |TAMS 0x0000000706700000, 0x0000000706700000| Untracked 
|  16|0x0000000706800000, 0x0000000706800000, 0x0000000706900000|  0%| F|  |TAMS 0x0000000706800000, 0x0000000706800000| Untracked 
|  17|0x0000000706900000, 0x0000000706900000, 0x0000000706a00000|  0%| F|  |TAMS 0x0000000706900000, 0x0000000706900000| Untracked 
|  18|0x0000000706a00000, 0x0000000706a00000, 0x0000000706b00000|  0%| F|  |TAMS 0x0000000706a00000, 0x0000000706a00000| Untracked 
|  19|0x0000000706b00000, 0x0000000706b00000, 0x0000000706c00000|  0%| F|  |TAMS 0x0000000706b00000, 0x0000000706b00000| Untracked 
|  20|0x0000000706c00000, 0x0000000706c00000, 0x0000000706d00000|  0%| F|  |TAMS 0x0000000706c00000, 0x0000000706c00000| Untracked 
|  21|0x0000000706d00000, 0x0000000706d00000, 0x0000000706e00000|  0%| F|  |TAMS 0x0000000706d00000, 0x0000000706d00000| Untracked 
|  22|0x0000000706e00000, 0x0000000706e00000, 0x0000000706f00000|  0%| F|  |TAMS 0x0000000706e00000, 0x0000000706e00000| Untracked 
|  23|0x0000000706f00000, 0x0000000706f00000, 0x0000000707000000|  0%| F|  |TAMS 0x0000000706f00000, 0x0000000706f00000| Untracked 
|  24|0x0000000707000000, 0x0000000707000000, 0x0000000707100000|  0%| F|  |TAMS 0x0000000707000000, 0x0000000707000000| Untracked 
|  25|0x0000000707100000, 0x0000000707100000, 0x0000000707200000|  0%| F|  |TAMS 0x0000000707100000, 0x0000000707100000| Untracked 
|  26|0x0000000707200000, 0x0000000707200000, 0x0000000707300000|  0%| F|  |TAMS 0x0000000707200000, 0x0000000707200000| Untracked 
|  27|0x0000000707300000, 0x0000000707300000, 0x0000000707400000|  0%| F|  |TAMS 0x0000000707300000, 0x0000000707300000| Untracked 
|  28|0x0000000707400000, 0x0000000707400000, 0x0000000707500000|  0%| F|  |TAMS 0x0000000707400000, 0x0000000707400000| Untracked 
|  29|0x0000000707500000, 0x0000000707500000, 0x0000000707600000|  0%| F|  |TAMS 0x0000000707500000, 0x0000000707500000| Untracked 
|  30|0x0000000707600000, 0x0000000707600000, 0x0000000707700000|  0%| F|  |TAMS 0x0000000707600000, 0x0000000707600000| Untracked 
|  31|0x0000000707700000, 0x0000000707700000, 0x0000000707800000|  0%| F|  |TAMS 0x0000000707700000, 0x0000000707700000| Untracked 
|  32|0x0000000707800000, 0x0000000707800000, 0x0000000707900000|  0%| F|  |TAMS 0x0000000707800000, 0x0000000707800000| Untracked 
|  33|0x0000000707900000, 0x0000000707900000, 0x0000000707a00000|  0%| F|  |TAMS 0x0000000707900000, 0x0000000707900000| Untracked 
|  34|0x0000000707a00000, 0x0000000707a00000, 0x0000000707b00000|  0%| F|  |TAMS 0x0000000707a00000, 0x0000000707a00000| Untracked 
|  35|0x0000000707b00000, 0x0000000707b00000, 0x0000000707c00000|  0%| F|  |TAMS 0x0000000707b00000, 0x0000000707b00000| Untracked 
|  36|0x0000000707c00000, 0x0000000707c00000, 0x0000000707d00000|  0%| F|  |TAMS 0x0000000707c00000, 0x0000000707c00000| Untracked 
|  37|0x0000000707d00000, 0x0000000707d00000, 0x0000000707e00000|  0%| F|  |TAMS 0x0000000707d00000, 0x0000000707d00000| Untracked 
|  38|0x0000000707e00000, 0x0000000707e00000, 0x0000000707f00000|  0%| F|  |TAMS 0x0000000707e00000, 0x0000000707e00000| Untracked 
|  39|0x0000000707f00000, 0x0000000707f00000, 0x0000000708000000|  0%| F|  |TAMS 0x0000000707f00000, 0x0000000707f00000| Untracked 
|  40|0x0000000708000000, 0x0000000708000000, 0x0000000708100000|  0%| F|  |TAMS 0x0000000708000000, 0x0000000708000000| Untracked 
|  41|0x0000000708100000, 0x0000000708100000, 0x0000000708200000|  0%| F|  |TAMS 0x0000000708100000, 0x0000000708100000| Untracked 
|  42|0x0000000708200000, 0x0000000708200000, 0x0000000708300000|  0%| F|  |TAMS 0x0000000708200000, 0x0000000708200000| Untracked 
|  43|0x0000000708300000, 0x0000000708300000, 0x0000000708400000|  0%| F|  |TAMS 0x0000000708300000, 0x0000000708300000| Untracked 
|  44|0x0000000708400000, 0x0000000708400000, 0x0000000708500000|  0%| F|  |TAMS 0x0000000708400000, 0x0000000708400000| Untracked 
|  45|0x0000000708500000, 0x0000000708500000, 0x0000000708600000|  0%| F|  |TAMS 0x0000000708500000, 0x0000000708500000| Untracked 
|  46|0x0000000708600000, 0x0000000708600000, 0x0000000708700000|  0%| F|  |TAMS 0x0000000708600000, 0x0000000708600000| Untracked 
|  47|0x0000000708700000, 0x0000000708700000, 0x0000000708800000|  0%| F|  |TAMS 0x0000000708700000, 0x0000000708700000| Untracked 
|  48|0x0000000708800000, 0x0000000708800000, 0x0000000708900000|  0%| F|  |TAMS 0x0000000708800000, 0x0000000708800000| Untracked 
|  49|0x0000000708900000, 0x0000000708900000, 0x0000000708a00000|  0%| F|  |TAMS 0x0000000708900000, 0x0000000708900000| Untracked 
|  50|0x0000000708a00000, 0x0000000708a00000, 0x0000000708b00000|  0%| F|  |TAMS 0x0000000708a00000, 0x0000000708a00000| Untracked 
|  51|0x0000000708b00000, 0x0000000708b00000, 0x0000000708c00000|  0%| F|  |TAMS 0x0000000708b00000, 0x0000000708b00000| Untracked 
|  52|0x0000000708c00000, 0x0000000708c00000, 0x0000000708d00000|  0%| F|  |TAMS 0x0000000708c00000, 0x0000000708c00000| Untracked 
|  53|0x0000000708d00000, 0x0000000708d00000, 0x0000000708e00000|  0%| F|  |TAMS 0x0000000708d00000, 0x0000000708d00000| Untracked 
|  54|0x0000000708e00000, 0x0000000708e00000, 0x0000000708f00000|  0%| F|  |TAMS 0x0000000708e00000, 0x0000000708e00000| Untracked 
|  55|0x0000000708f00000, 0x0000000708f00000, 0x0000000709000000|  0%| F|  |TAMS 0x0000000708f00000, 0x0000000708f00000| Untracked 
|  56|0x0000000709000000, 0x0000000709000000, 0x0000000709100000|  0%| F|  |TAMS 0x0000000709000000, 0x0000000709000000| Untracked 
|  57|0x0000000709100000, 0x0000000709100000, 0x0000000709200000|  0%| F|  |TAMS 0x0000000709100000, 0x0000000709100000| Untracked 
|  58|0x0000000709200000, 0x0000000709200000, 0x0000000709300000|  0%| F|  |TAMS 0x0000000709200000, 0x0000000709200000| Untracked 
|  59|0x0000000709300000, 0x0000000709300000, 0x0000000709400000|  0%| F|  |TAMS 0x0000000709300000, 0x0000000709300000| Untracked 
|  60|0x0000000709400000, 0x0000000709400000, 0x0000000709500000|  0%| F|  |TAMS 0x0000000709400000, 0x0000000709400000| Untracked 
|  61|0x0000000709500000, 0x0000000709500000, 0x0000000709600000|  0%| F|  |TAMS 0x0000000709500000, 0x0000000709500000| Untracked 
|  62|0x0000000709600000, 0x0000000709600000, 0x0000000709700000|  0%| F|  |TAMS 0x0000000709600000, 0x0000000709600000| Untracked 
|  63|0x0000000709700000, 0x0000000709700000, 0x0000000709800000|  0%| F|  |TAMS 0x0000000709700000, 0x0000000709700000| Untracked 
|  64|0x0000000709800000, 0x0000000709800000, 0x0000000709900000|  0%| F|  |TAMS 0x0000000709800000, 0x0000000709800000| Untracked 
|  65|0x0000000709900000, 0x0000000709900000, 0x0000000709a00000|  0%| F|  |TAMS 0x0000000709900000, 0x0000000709900000| Untracked 
|  66|0x0000000709a00000, 0x0000000709a00000, 0x0000000709b00000|  0%| F|  |TAMS 0x0000000709a00000, 0x0000000709a00000| Untracked 
|  67|0x0000000709b00000, 0x0000000709b00000, 0x0000000709c00000|  0%| F|  |TAMS 0x0000000709b00000, 0x0000000709b00000| Untracked 
|  68|0x0000000709c00000, 0x0000000709c00000, 0x0000000709d00000|  0%| F|  |TAMS 0x0000000709c00000, 0x0000000709c00000| Untracked 
|  69|0x0000000709d00000, 0x0000000709d00000, 0x0000000709e00000|  0%| F|  |TAMS 0x0000000709d00000, 0x0000000709d00000| Untracked 
|  70|0x0000000709e00000, 0x0000000709e00000, 0x0000000709f00000|  0%| F|  |TAMS 0x0000000709e00000, 0x0000000709e00000| Untracked 
|  71|0x0000000709f00000, 0x0000000709f00000, 0x000000070a000000|  0%| F|  |TAMS 0x0000000709f00000, 0x0000000709f00000| Untracked 
|  72|0x000000070a000000, 0x000000070a000000, 0x000000070a100000|  0%| F|  |TAMS 0x000000070a000000, 0x000000070a000000| Untracked 
|  73|0x000000070a100000, 0x000000070a100000, 0x000000070a200000|  0%| F|  |TAMS 0x000000070a100000, 0x000000070a100000| Untracked 
|  74|0x000000070a200000, 0x000000070a200000, 0x000000070a300000|  0%| F|  |TAMS 0x000000070a200000, 0x000000070a200000| Untracked 
|  75|0x000000070a300000, 0x000000070a300000, 0x000000070a400000|  0%| F|  |TAMS 0x000000070a300000, 0x000000070a300000| Untracked 
|  76|0x000000070a400000, 0x000000070a400000, 0x000000070a500000|  0%| F|  |TAMS 0x000000070a400000, 0x000000070a400000| Untracked 
|  77|0x000000070a500000, 0x000000070a500000, 0x000000070a600000|  0%| F|  |TAMS 0x000000070a500000, 0x000000070a500000| Untracked 
|  78|0x000000070a600000, 0x000000070a600000, 0x000000070a700000|  0%| F|  |TAMS 0x000000070a600000, 0x000000070a600000| Untracked 
|  79|0x000000070a700000, 0x000000070a700000, 0x000000070a800000|  0%| F|  |TAMS 0x000000070a700000, 0x000000070a700000| Untracked 
|  80|0x000000070a800000, 0x000000070a800000, 0x000000070a900000|  0%| F|  |TAMS 0x000000070a800000, 0x000000070a800000| Untracked 
|  81|0x000000070a900000, 0x000000070a900000, 0x000000070aa00000|  0%| F|  |TAMS 0x000000070a900000, 0x000000070a900000| Untracked 
|  82|0x000000070aa00000, 0x000000070aa00000, 0x000000070ab00000|  0%| F|  |TAMS 0x000000070aa00000, 0x000000070aa00000| Untracked 
|  83|0x000000070ab00000, 0x000000070ab00000, 0x000000070ac00000|  0%| F|  |TAMS 0x000000070ab00000, 0x000000070ab00000| Untracked 
|  84|0x000000070ac00000, 0x000000070ac00000, 0x000000070ad00000|  0%| F|  |TAMS 0x000000070ac00000, 0x000000070ac00000| Untracked 
|  85|0x000000070ad00000, 0x000000070ad00000, 0x000000070ae00000|  0%| F|  |TAMS 0x000000070ad00000, 0x000000070ad00000| Untracked 
|  86|0x000000070ae00000, 0x000000070ae00000, 0x000000070af00000|  0%| F|  |TAMS 0x000000070ae00000, 0x000000070ae00000| Untracked 
|  87|0x000000070af00000, 0x000000070af00000, 0x000000070b000000|  0%| F|  |TAMS 0x000000070af00000, 0x000000070af00000| Untracked 
|  88|0x000000070b000000, 0x000000070b000000, 0x000000070b100000|  0%| F|  |TAMS 0x000000070b000000, 0x000000070b000000| Untracked 
|  89|0x000000070b100000, 0x000000070b100000, 0x000000070b200000|  0%| F|  |TAMS 0x000000070b100000, 0x000000070b100000| Untracked 
|  90|0x000000070b200000, 0x000000070b200000, 0x000000070b300000|  0%| F|  |TAMS 0x000000070b200000, 0x000000070b200000| Untracked 
|  91|0x000000070b300000, 0x000000070b300000, 0x000000070b400000|  0%| F|  |TAMS 0x000000070b300000, 0x000000070b300000| Untracked 
|  92|0x000000070b400000, 0x000000070b400000, 0x000000070b500000|  0%| F|  |TAMS 0x000000070b400000, 0x000000070b400000| Untracked 
|  93|0x000000070b500000, 0x000000070b500000, 0x000000070b600000|  0%| F|  |TAMS 0x000000070b500000, 0x000000070b500000| Untracked 
|  94|0x000000070b600000, 0x000000070b600000, 0x000000070b700000|  0%| F|  |TAMS 0x000000070b600000, 0x000000070b600000| Untracked 
|  95|0x000000070b700000, 0x000000070b700000, 0x000000070b800000|  0%| F|  |TAMS 0x000000070b700000, 0x000000070b700000| Untracked 
|  96|0x000000070b800000, 0x000000070b800000, 0x000000070b900000|  0%| F|  |TAMS 0x000000070b800000, 0x000000070b800000| Untracked 
|  97|0x000000070b900000, 0x000000070b900000, 0x000000070ba00000|  0%| F|  |TAMS 0x000000070b900000, 0x000000070b900000| Untracked 
|  98|0x000000070ba00000, 0x000000070ba00000, 0x000000070bb00000|  0%| F|  |TAMS 0x000000070ba00000, 0x000000070ba00000| Untracked 
|  99|0x000000070bb00000, 0x000000070bb00000, 0x000000070bc00000|  0%| F|  |TAMS 0x000000070bb00000, 0x000000070bb00000| Untracked 
| 100|0x000000070bc00000, 0x000000070bc00000, 0x000000070bd00000|  0%| F|  |TAMS 0x000000070bc00000, 0x000000070bc00000| Untracked 
| 101|0x000000070bd00000, 0x000000070bd00000, 0x000000070be00000|  0%| F|  |TAMS 0x000000070bd00000, 0x000000070bd00000| Untracked 
| 102|0x000000070be00000, 0x000000070be00000, 0x000000070bf00000|  0%| F|  |TAMS 0x000000070be00000, 0x000000070be00000| Untracked 
| 103|0x000000070bf00000, 0x000000070bf00000, 0x000000070c000000|  0%| F|  |TAMS 0x000000070bf00000, 0x000000070bf00000| Untracked 
| 104|0x000000070c000000, 0x000000070c000000, 0x000000070c100000|  0%| F|  |TAMS 0x000000070c000000, 0x000000070c000000| Untracked 
| 105|0x000000070c100000, 0x000000070c100000, 0x000000070c200000|  0%| F|  |TAMS 0x000000070c100000, 0x000000070c100000| Untracked 
| 106|0x000000070c200000, 0x000000070c200000, 0x000000070c300000|  0%| F|  |TAMS 0x000000070c200000, 0x000000070c200000| Untracked 
| 107|0x000000070c300000, 0x000000070c300000, 0x000000070c400000|  0%| F|  |TAMS 0x000000070c300000, 0x000000070c300000| Untracked 
| 108|0x000000070c400000, 0x000000070c400000, 0x000000070c500000|  0%| F|  |TAMS 0x000000070c400000, 0x000000070c400000| Untracked 
| 109|0x000000070c500000, 0x000000070c500000, 0x000000070c600000|  0%| F|  |TAMS 0x000000070c500000, 0x000000070c500000| Untracked 
| 110|0x000000070c600000, 0x000000070c600000, 0x000000070c700000|  0%| F|  |TAMS 0x000000070c600000, 0x000000070c600000| Untracked 
| 111|0x000000070c700000, 0x000000070c700000, 0x000000070c800000|  0%| F|  |TAMS 0x000000070c700000, 0x000000070c700000| Untracked 
| 112|0x000000070c800000, 0x000000070c800000, 0x000000070c900000|  0%| F|  |TAMS 0x000000070c800000, 0x000000070c800000| Untracked 
| 113|0x000000070c900000, 0x000000070c900000, 0x000000070ca00000|  0%| F|  |TAMS 0x000000070c900000, 0x000000070c900000| Untracked 
| 114|0x000000070ca00000, 0x000000070ca00000, 0x000000070cb00000|  0%| F|  |TAMS 0x000000070ca00000, 0x000000070ca00000| Untracked 
| 115|0x000000070cb00000, 0x000000070cb00000, 0x000000070cc00000|  0%| F|  |TAMS 0x000000070cb00000, 0x000000070cb00000| Untracked 
| 116|0x000000070cc00000, 0x000000070cc00000, 0x000000070cd00000|  0%| F|  |TAMS 0x000000070cc00000, 0x000000070cc00000| Untracked 
| 117|0x000000070cd00000, 0x000000070cd00000, 0x000000070ce00000|  0%| F|  |TAMS 0x000000070cd00000, 0x000000070cd00000| Untracked 
| 118|0x000000070ce00000, 0x000000070ce00000, 0x000000070cf00000|  0%| F|  |TAMS 0x000000070ce00000, 0x000000070ce00000| Untracked 
| 119|0x000000070cf00000, 0x000000070cf00000, 0x000000070d000000|  0%| F|  |TAMS 0x000000070cf00000, 0x000000070cf00000| Untracked 
| 120|0x000000070d000000, 0x000000070d000000, 0x000000070d100000|  0%| F|  |TAMS 0x000000070d000000, 0x000000070d000000| Untracked 
| 121|0x000000070d100000, 0x000000070d100000, 0x000000070d200000|  0%| F|  |TAMS 0x000000070d100000, 0x000000070d100000| Untracked 
| 122|0x000000070d200000, 0x000000070d200000, 0x000000070d300000|  0%| F|  |TAMS 0x000000070d200000, 0x000000070d200000| Untracked 
| 123|0x000000070d300000, 0x000000070d300000, 0x000000070d400000|  0%| F|  |TAMS 0x000000070d300000, 0x000000070d300000| Untracked 
| 124|0x000000070d400000, 0x000000070d400000, 0x000000070d500000|  0%| F|  |TAMS 0x000000070d400000, 0x000000070d400000| Untracked 
| 125|0x000000070d500000, 0x000000070d500000, 0x000000070d600000|  0%| F|  |TAMS 0x000000070d500000, 0x000000070d500000| Untracked 
| 126|0x000000070d600000, 0x000000070d600000, 0x000000070d700000|  0%| F|  |TAMS 0x000000070d600000, 0x000000070d600000| Untracked 
| 127|0x000000070d700000, 0x000000070d700000, 0x000000070d800000|  0%| F|  |TAMS 0x000000070d700000, 0x000000070d700000| Untracked 
| 128|0x000000070d800000, 0x000000070d800000, 0x000000070d900000|  0%| F|  |TAMS 0x000000070d800000, 0x000000070d800000| Untracked 
| 129|0x000000070d900000, 0x000000070d900000, 0x000000070da00000|  0%| F|  |TAMS 0x000000070d900000, 0x000000070d900000| Untracked 
| 130|0x000000070da00000, 0x000000070da00000, 0x000000070db00000|  0%| F|  |TAMS 0x000000070da00000, 0x000000070da00000| Untracked 
| 131|0x000000070db00000, 0x000000070db00000, 0x000000070dc00000|  0%| F|  |TAMS 0x000000070db00000, 0x000000070db00000| Untracked 
| 132|0x000000070dc00000, 0x000000070dc00000, 0x000000070dd00000|  0%| F|  |TAMS 0x000000070dc00000, 0x000000070dc00000| Untracked 
| 133|0x000000070dd00000, 0x000000070dd00000, 0x000000070de00000|  0%| F|  |TAMS 0x000000070dd00000, 0x000000070dd00000| Untracked 
| 134|0x000000070de00000, 0x000000070de00000, 0x000000070df00000|  0%| F|  |TAMS 0x000000070de00000, 0x000000070de00000| Untracked 
| 135|0x000000070df00000, 0x000000070df00000, 0x000000070e000000|  0%| F|  |TAMS 0x000000070df00000, 0x000000070df00000| Untracked 
| 136|0x000000070e000000, 0x000000070e000000, 0x000000070e100000|  0%| F|  |TAMS 0x000000070e000000, 0x000000070e000000| Untracked 
| 137|0x000000070e100000, 0x000000070e100000, 0x000000070e200000|  0%| F|  |TAMS 0x000000070e100000, 0x000000070e100000| Untracked 
| 138|0x000000070e200000, 0x000000070e200000, 0x000000070e300000|  0%| F|  |TAMS 0x000000070e200000, 0x000000070e200000| Untracked 
| 139|0x000000070e300000, 0x000000070e300000, 0x000000070e400000|  0%| F|  |TAMS 0x000000070e300000, 0x000000070e300000| Untracked 
| 140|0x000000070e400000, 0x000000070e400000, 0x000000070e500000|  0%| F|  |TAMS 0x000000070e400000, 0x000000070e400000| Untracked 
| 141|0x000000070e500000, 0x000000070e500000, 0x000000070e600000|  0%| F|  |TAMS 0x000000070e500000, 0x000000070e500000| Untracked 
| 142|0x000000070e600000, 0x000000070e600000, 0x000000070e700000|  0%| F|  |TAMS 0x000000070e600000, 0x000000070e600000| Untracked 
| 143|0x000000070e700000, 0x000000070e700000, 0x000000070e800000|  0%| F|  |TAMS 0x000000070e700000, 0x000000070e700000| Untracked 
| 144|0x000000070e800000, 0x000000070e800000, 0x000000070e900000|  0%| F|  |TAMS 0x000000070e800000, 0x000000070e800000| Untracked 
| 145|0x000000070e900000, 0x000000070e900000, 0x000000070ea00000|  0%| F|  |TAMS 0x000000070e900000, 0x000000070e900000| Untracked 
| 146|0x000000070ea00000, 0x000000070ea00000, 0x000000070eb00000|  0%| F|  |TAMS 0x000000070ea00000, 0x000000070ea00000| Untracked 
| 147|0x000000070eb00000, 0x000000070eb00000, 0x000000070ec00000|  0%| F|  |TAMS 0x000000070eb00000, 0x000000070eb00000| Untracked 
| 148|0x000000070ec00000, 0x000000070ec00000, 0x000000070ed00000|  0%| F|  |TAMS 0x000000070ec00000, 0x000000070ec00000| Untracked 
| 149|0x000000070ed00000, 0x000000070ed00000, 0x000000070ee00000|  0%| F|  |TAMS 0x000000070ed00000, 0x000000070ed00000| Untracked 
| 150|0x000000070ee00000, 0x000000070ee00000, 0x000000070ef00000|  0%| F|  |TAMS 0x000000070ee00000, 0x000000070ee00000| Untracked 
| 151|0x000000070ef00000, 0x000000070ef00000, 0x000000070f000000|  0%| F|  |TAMS 0x000000070ef00000, 0x000000070ef00000| Untracked 
| 152|0x000000070f000000, 0x000000070f000000, 0x000000070f100000|  0%| F|  |TAMS 0x000000070f000000, 0x000000070f000000| Untracked 
| 153|0x000000070f100000, 0x000000070f100000, 0x000000070f200000|  0%| F|  |TAMS 0x000000070f100000, 0x000000070f100000| Untracked 
| 154|0x000000070f200000, 0x000000070f200000, 0x000000070f300000|  0%| F|  |TAMS 0x000000070f200000, 0x000000070f200000| Untracked 
| 155|0x000000070f300000, 0x000000070f300000, 0x000000070f400000|  0%| F|  |TAMS 0x000000070f300000, 0x000000070f300000| Untracked 
| 156|0x000000070f400000, 0x000000070f400000, 0x000000070f500000|  0%| F|  |TAMS 0x000000070f400000, 0x000000070f400000| Untracked 
| 157|0x000000070f500000, 0x000000070f500000, 0x000000070f600000|  0%| F|  |TAMS 0x000000070f500000, 0x000000070f500000| Untracked 
| 158|0x000000070f600000, 0x000000070f600000, 0x000000070f700000|  0%| F|  |TAMS 0x000000070f600000, 0x000000070f600000| Untracked 
| 159|0x000000070f700000, 0x000000070f700000, 0x000000070f800000|  0%| F|  |TAMS 0x000000070f700000, 0x000000070f700000| Untracked 
| 160|0x000000070f800000, 0x000000070f800000, 0x000000070f900000|  0%| F|  |TAMS 0x000000070f800000, 0x000000070f800000| Untracked 
| 161|0x000000070f900000, 0x000000070f900000, 0x000000070fa00000|  0%| F|  |TAMS 0x000000070f900000, 0x000000070f900000| Untracked 
| 162|0x000000070fa00000, 0x000000070fa00000, 0x000000070fb00000|  0%| F|  |TAMS 0x000000070fa00000, 0x000000070fa00000| Untracked 
| 163|0x000000070fb00000, 0x000000070fb00000, 0x000000070fc00000|  0%| F|  |TAMS 0x000000070fb00000, 0x000000070fb00000| Untracked 
| 164|0x000000070fc00000, 0x000000070fc00000, 0x000000070fd00000|  0%| F|  |TAMS 0x000000070fc00000, 0x000000070fc00000| Untracked 
| 165|0x000000070fd00000, 0x000000070fd00000, 0x000000070fe00000|  0%| F|  |TAMS 0x000000070fd00000, 0x000000070fd00000| Untracked 
| 166|0x000000070fe00000, 0x000000070fe00000, 0x000000070ff00000|  0%| F|  |TAMS 0x000000070fe00000, 0x000000070fe00000| Untracked 
| 167|0x000000070ff00000, 0x000000070ff00000, 0x0000000710000000|  0%| F|  |TAMS 0x000000070ff00000, 0x000000070ff00000| Untracked 
| 168|0x0000000710000000, 0x0000000710000000, 0x0000000710100000|  0%| F|  |TAMS 0x0000000710000000, 0x0000000710000000| Untracked 
| 169|0x0000000710100000, 0x0000000710100000, 0x0000000710200000|  0%| F|  |TAMS 0x0000000710100000, 0x0000000710100000| Untracked 
| 170|0x0000000710200000, 0x0000000710200000, 0x0000000710300000|  0%| F|  |TAMS 0x0000000710200000, 0x0000000710200000| Untracked 
| 171|0x0000000710300000, 0x0000000710300000, 0x0000000710400000|  0%| F|  |TAMS 0x0000000710300000, 0x0000000710300000| Untracked 
| 172|0x0000000710400000, 0x0000000710400000, 0x0000000710500000|  0%| F|  |TAMS 0x0000000710400000, 0x0000000710400000| Untracked 
| 173|0x0000000710500000, 0x0000000710500000, 0x0000000710600000|  0%| F|  |TAMS 0x0000000710500000, 0x0000000710500000| Untracked 
| 174|0x0000000710600000, 0x0000000710600000, 0x0000000710700000|  0%| F|  |TAMS 0x0000000710600000, 0x0000000710600000| Untracked 
| 175|0x0000000710700000, 0x0000000710700000, 0x0000000710800000|  0%| F|  |TAMS 0x0000000710700000, 0x0000000710700000| Untracked 
| 176|0x0000000710800000, 0x0000000710800000, 0x0000000710900000|  0%| F|  |TAMS 0x0000000710800000, 0x0000000710800000| Untracked 
| 177|0x0000000710900000, 0x0000000710900000, 0x0000000710a00000|  0%| F|  |TAMS 0x0000000710900000, 0x0000000710900000| Untracked 
| 178|0x0000000710a00000, 0x0000000710a00000, 0x0000000710b00000|  0%| F|  |TAMS 0x0000000710a00000, 0x0000000710a00000| Untracked 
| 179|0x0000000710b00000, 0x0000000710b00000, 0x0000000710c00000|  0%| F|  |TAMS 0x0000000710b00000, 0x0000000710b00000| Untracked 
| 180|0x0000000710c00000, 0x0000000710c00000, 0x0000000710d00000|  0%| F|  |TAMS 0x0000000710c00000, 0x0000000710c00000| Untracked 
| 181|0x0000000710d00000, 0x0000000710d00000, 0x0000000710e00000|  0%| F|  |TAMS 0x0000000710d00000, 0x0000000710d00000| Untracked 
| 182|0x0000000710e00000, 0x0000000710e00000, 0x0000000710f00000|  0%| F|  |TAMS 0x0000000710e00000, 0x0000000710e00000| Untracked 
| 183|0x0000000710f00000, 0x0000000710f00000, 0x0000000711000000|  0%| F|  |TAMS 0x0000000710f00000, 0x0000000710f00000| Untracked 
| 184|0x0000000711000000, 0x0000000711000000, 0x0000000711100000|  0%| F|  |TAMS 0x0000000711000000, 0x0000000711000000| Untracked 
| 185|0x0000000711100000, 0x0000000711100000, 0x0000000711200000|  0%| F|  |TAMS 0x0000000711100000, 0x0000000711100000| Untracked 
| 186|0x0000000711200000, 0x0000000711200000, 0x0000000711300000|  0%| F|  |TAMS 0x0000000711200000, 0x0000000711200000| Untracked 
| 187|0x0000000711300000, 0x0000000711300000, 0x0000000711400000|  0%| F|  |TAMS 0x0000000711300000, 0x0000000711300000| Untracked 
| 188|0x0000000711400000, 0x0000000711400000, 0x0000000711500000|  0%| F|  |TAMS 0x0000000711400000, 0x0000000711400000| Untracked 
| 189|0x0000000711500000, 0x0000000711500000, 0x0000000711600000|  0%| F|  |TAMS 0x0000000711500000, 0x0000000711500000| Untracked 
| 190|0x0000000711600000, 0x0000000711600000, 0x0000000711700000|  0%| F|  |TAMS 0x0000000711600000, 0x0000000711600000| Untracked 
| 191|0x0000000711700000, 0x0000000711700000, 0x0000000711800000|  0%| F|  |TAMS 0x0000000711700000, 0x0000000711700000| Untracked 
| 192|0x0000000711800000, 0x0000000711800000, 0x0000000711900000|  0%| F|  |TAMS 0x0000000711800000, 0x0000000711800000| Untracked 
| 193|0x0000000711900000, 0x0000000711900000, 0x0000000711a00000|  0%| F|  |TAMS 0x0000000711900000, 0x0000000711900000| Untracked 
| 194|0x0000000711a00000, 0x0000000711a00000, 0x0000000711b00000|  0%| F|  |TAMS 0x0000000711a00000, 0x0000000711a00000| Untracked 
| 195|0x0000000711b00000, 0x0000000711b00000, 0x0000000711c00000|  0%| F|  |TAMS 0x0000000711b00000, 0x0000000711b00000| Untracked 
| 196|0x0000000711c00000, 0x0000000711c00000, 0x0000000711d00000|  0%| F|  |TAMS 0x0000000711c00000, 0x0000000711c00000| Untracked 
| 197|0x0000000711d00000, 0x0000000711d00000, 0x0000000711e00000|  0%| F|  |TAMS 0x0000000711d00000, 0x0000000711d00000| Untracked 
| 198|0x0000000711e00000, 0x0000000711e00000, 0x0000000711f00000|  0%| F|  |TAMS 0x0000000711e00000, 0x0000000711e00000| Untracked 
| 199|0x0000000711f00000, 0x0000000711f00000, 0x0000000712000000|  0%| F|  |TAMS 0x0000000711f00000, 0x0000000711f00000| Untracked 
| 200|0x0000000712000000, 0x0000000712000000, 0x0000000712100000|  0%| F|  |TAMS 0x0000000712000000, 0x0000000712000000| Untracked 
| 201|0x0000000712100000, 0x0000000712100000, 0x0000000712200000|  0%| F|  |TAMS 0x0000000712100000, 0x0000000712100000| Untracked 
| 202|0x0000000712200000, 0x0000000712200000, 0x0000000712300000|  0%| F|  |TAMS 0x0000000712200000, 0x0000000712200000| Untracked 
| 203|0x0000000712300000, 0x0000000712300000, 0x0000000712400000|  0%| F|  |TAMS 0x0000000712300000, 0x0000000712300000| Untracked 
| 204|0x0000000712400000, 0x0000000712400000, 0x0000000712500000|  0%| F|  |TAMS 0x0000000712400000, 0x0000000712400000| Untracked 
| 205|0x0000000712500000, 0x0000000712500000, 0x0000000712600000|  0%| F|  |TAMS 0x0000000712500000, 0x0000000712500000| Untracked 
| 206|0x0000000712600000, 0x0000000712600000, 0x0000000712700000|  0%| F|  |TAMS 0x0000000712600000, 0x0000000712600000| Untracked 
| 207|0x0000000712700000, 0x0000000712700000, 0x0000000712800000|  0%| F|  |TAMS 0x0000000712700000, 0x0000000712700000| Untracked 
| 208|0x0000000712800000, 0x0000000712800000, 0x0000000712900000|  0%| F|  |TAMS 0x0000000712800000, 0x0000000712800000| Untracked 
| 209|0x0000000712900000, 0x0000000712900000, 0x0000000712a00000|  0%| F|  |TAMS 0x0000000712900000, 0x0000000712900000| Untracked 
| 210|0x0000000712a00000, 0x0000000712a00000, 0x0000000712b00000|  0%| F|  |TAMS 0x0000000712a00000, 0x0000000712a00000| Untracked 
| 211|0x0000000712b00000, 0x0000000712b00000, 0x0000000712c00000|  0%| F|  |TAMS 0x0000000712b00000, 0x0000000712b00000| Untracked 
| 212|0x0000000712c00000, 0x0000000712c00000, 0x0000000712d00000|  0%| F|  |TAMS 0x0000000712c00000, 0x0000000712c00000| Untracked 
| 213|0x0000000712d00000, 0x0000000712d00000, 0x0000000712e00000|  0%| F|  |TAMS 0x0000000712d00000, 0x0000000712d00000| Untracked 
| 214|0x0000000712e00000, 0x0000000712e00000, 0x0000000712f00000|  0%| F|  |TAMS 0x0000000712e00000, 0x0000000712e00000| Untracked 
| 215|0x0000000712f00000, 0x0000000712f00000, 0x0000000713000000|  0%| F|  |TAMS 0x0000000712f00000, 0x0000000712f00000| Untracked 
| 216|0x0000000713000000, 0x0000000713000000, 0x0000000713100000|  0%| F|  |TAMS 0x0000000713000000, 0x0000000713000000| Untracked 
| 217|0x0000000713100000, 0x0000000713100000, 0x0000000713200000|  0%| F|  |TAMS 0x0000000713100000, 0x0000000713100000| Untracked 
| 218|0x0000000713200000, 0x0000000713200000, 0x0000000713300000|  0%| F|  |TAMS 0x0000000713200000, 0x0000000713200000| Untracked 
| 219|0x0000000713300000, 0x0000000713300000, 0x0000000713400000|  0%| F|  |TAMS 0x0000000713300000, 0x0000000713300000| Untracked 
| 220|0x0000000713400000, 0x0000000713400000, 0x0000000713500000|  0%| F|  |TAMS 0x0000000713400000, 0x0000000713400000| Untracked 
| 221|0x0000000713500000, 0x0000000713500000, 0x0000000713600000|  0%| F|  |TAMS 0x0000000713500000, 0x0000000713500000| Untracked 
| 222|0x0000000713600000, 0x0000000713600000, 0x0000000713700000|  0%| F|  |TAMS 0x0000000713600000, 0x0000000713600000| Untracked 
| 223|0x0000000713700000, 0x0000000713700000, 0x0000000713800000|  0%| F|  |TAMS 0x0000000713700000, 0x0000000713700000| Untracked 
| 224|0x0000000713800000, 0x0000000713800000, 0x0000000713900000|  0%| F|  |TAMS 0x0000000713800000, 0x0000000713800000| Untracked 
| 225|0x0000000713900000, 0x0000000713900000, 0x0000000713a00000|  0%| F|  |TAMS 0x0000000713900000, 0x0000000713900000| Untracked 
| 226|0x0000000713a00000, 0x0000000713a00000, 0x0000000713b00000|  0%| F|  |TAMS 0x0000000713a00000, 0x0000000713a00000| Untracked 
| 227|0x0000000713b00000, 0x0000000713b00000, 0x0000000713c00000|  0%| F|  |TAMS 0x0000000713b00000, 0x0000000713b00000| Untracked 
| 228|0x0000000713c00000, 0x0000000713c00000, 0x0000000713d00000|  0%| F|  |TAMS 0x0000000713c00000, 0x0000000713c00000| Untracked 
| 229|0x0000000713d00000, 0x0000000713df9ec8, 0x0000000713e00000| 97%| E|  |TAMS 0x0000000713d00000, 0x0000000713d00000| Complete 
| 230|0x0000000713e00000, 0x0000000713f00000, 0x0000000713f00000|100%| E|  |TAMS 0x0000000713e00000, 0x0000000713e00000| Complete 
| 231|0x0000000713f00000, 0x0000000714000000, 0x0000000714000000|100%| E|CS|TAMS 0x0000000713f00000, 0x0000000713f00000| Complete 
| 232|0x0000000714000000, 0x0000000714100000, 0x0000000714100000|100%| E|CS|TAMS 0x0000000714000000, 0x0000000714000000| Complete 
| 233|0x0000000714100000, 0x0000000714200000, 0x0000000714200000|100%| E|CS|TAMS 0x0000000714100000, 0x0000000714100000| Complete 
| 234|0x0000000714200000, 0x0000000714300000, 0x0000000714300000|100%| E|CS|TAMS 0x0000000714200000, 0x0000000714200000| Complete 
| 235|0x0000000714300000, 0x0000000714400000, 0x0000000714400000|100%| E|CS|TAMS 0x0000000714300000, 0x0000000714300000| Complete 
| 236|0x0000000714400000, 0x0000000714500000, 0x0000000714500000|100%| E|CS|TAMS 0x0000000714400000, 0x0000000714400000| Complete 
| 237|0x0000000714500000, 0x0000000714600000, 0x0000000714600000|100%| E|CS|TAMS 0x0000000714500000, 0x0000000714500000| Complete 
| 238|0x0000000714600000, 0x0000000714700000, 0x0000000714700000|100%| E|CS|TAMS 0x0000000714600000, 0x0000000714600000| Complete 
| 239|0x0000000714700000, 0x0000000714800000, 0x0000000714800000|100%| E|CS|TAMS 0x0000000714700000, 0x0000000714700000| Complete 
| 240|0x0000000714800000, 0x0000000714900000, 0x0000000714900000|100%| E|CS|TAMS 0x0000000714800000, 0x0000000714800000| Complete 
| 241|0x0000000714900000, 0x0000000714a00000, 0x0000000714a00000|100%| E|CS|TAMS 0x0000000714900000, 0x0000000714900000| Complete 
| 242|0x0000000714a00000, 0x0000000714b00000, 0x0000000714b00000|100%| E|CS|TAMS 0x0000000714a00000, 0x0000000714a00000| Complete 
| 243|0x0000000714b00000, 0x0000000714c00000, 0x0000000714c00000|100%| E|CS|TAMS 0x0000000714b00000, 0x0000000714b00000| Complete 
| 244|0x0000000714c00000, 0x0000000714d00000, 0x0000000714d00000|100%| E|CS|TAMS 0x0000000714c00000, 0x0000000714c00000| Complete 
| 245|0x0000000714d00000, 0x0000000714e00000, 0x0000000714e00000|100%| E|CS|TAMS 0x0000000714d00000, 0x0000000714d00000| Complete 
| 246|0x0000000714e00000, 0x0000000714f00000, 0x0000000714f00000|100%| E|CS|TAMS 0x0000000714e00000, 0x0000000714e00000| Complete 
| 247|0x0000000714f00000, 0x0000000715000000, 0x0000000715000000|100%| E|CS|TAMS 0x0000000714f00000, 0x0000000714f00000| Complete 
| 248|0x0000000715000000, 0x0000000715100000, 0x0000000715100000|100%| E|CS|TAMS 0x0000000715000000, 0x0000000715000000| Complete 
| 249|0x0000000715100000, 0x0000000715200000, 0x0000000715200000|100%| E|CS|TAMS 0x0000000715100000, 0x0000000715100000| Complete 
| 250|0x0000000715200000, 0x0000000715300000, 0x0000000715300000|100%| E|CS|TAMS 0x0000000715200000, 0x0000000715200000| Complete 
| 251|0x0000000715300000, 0x0000000715400000, 0x0000000715400000|100%| E|CS|TAMS 0x0000000715300000, 0x0000000715300000| Complete 

Card table byte_map: [0x000000001b2c0000,0x000000001baa0000] _byte_map_base: 0x0000000017a94000

Marking Bits (Prev, Next): (CMBitMap*) 0x000000001c2a7ea8, (CMBitMap*) 0x000000001c2a7ee8
 Prev Bits: [0x000000001c380000, 0x0000000020220000)
 Next Bits: [0x0000000020220000, 0x00000000240c0000)

Polling page: 0x0000000000130000

Metaspace:

Usage:
  Non-class:      9.38 MB capacity,     6.81 MB ( 73%) used,     2.57 MB ( 27%) free+waste,     9.88 KB ( <1%) overhead. 
      Class:    662.00 KB capacity,   355.53 KB ( 54%) used,   302.91 KB ( 46%) free+waste,     3.56 KB ( <1%) overhead. 
       Both:     10.03 MB capacity,     7.15 MB ( 71%) used,     2.86 MB ( 29%) free+waste,    13.44 KB ( <1%) overhead. 

Virtual space:
  Non-class space:       10.00 MB reserved,       9.50 MB ( 95%) committed 
      Class space:        1.00 GB reserved,     768.00 KB ( <1%) committed 
             Both:        1.01 GB reserved,      10.25 MB ( <1%) committed 

Chunk freelists:
   Non-Class:  120.00 KB
       Class:  10.00 KB
        Both:  130.00 KB

MaxMetaspaceSize: 17179869184.00 GB
CompressedClassSpaceSize: 1.00 GB

CodeHeap 'non-profiled nmethods': size=120000Kb used=249Kb max_used=249Kb free=119750Kb
 bounds [0x0000000012d30000, 0x0000000012fa0000, 0x000000001a260000]
CodeHeap 'profiled nmethods': size=120000Kb used=1401Kb max_used=1401Kb free=118598Kb
 bounds [0x000000000b800000, 0x000000000ba70000, 0x0000000012d30000]
CodeHeap 'non-nmethods': size=5760Kb used=1651Kb max_used=1665Kb free=4108Kb
 bounds [0x000000000b260000, 0x000000000b4d0000, 0x000000000b800000]
 total_blobs=1861 nmethods=807 adapters=967
 compilation: enabled
              stopped_count=0, restarted_count=0
 full_count=0

Compilation events (20 events):
Event: 7.274 Thread 0x0000000027f90800  797       3       org.joml.Matrix4f::translate (25 bytes)
Event: 7.275 Thread 0x0000000027f90800 nmethod 797 0x000000000b95d490 code [0x000000000b95d680, 0x000000000b95db98]
Event: 7.275 Thread 0x0000000027f90800  798       3       org.lwjgl.glfw.GLFW::glfwSwapBuffers (21 bytes)
Event: 7.275 Thread 0x0000000027f90800 nmethod 798 0x000000000b95dd90 code [0x000000000b95df60, 0x000000000b95e1f8]
Event: 7.426 Thread 0x0000000027f90800  800       3       java.nio.DirectByteBuffer$Deallocator::<init> (41 bytes)
Event: 7.427 Thread 0x0000000027f90800 nmethod 800 0x000000000b95e390 code [0x000000000b95e520, 0x000000000b95e6b8]
Event: 13.134 Thread 0x0000000027f8b000  801       4       java.nio.Buffer::position (55 bytes)
Event: 13.135 Thread 0x0000000027f8b000 nmethod 801 0x0000000012d6cd90 code [0x0000000012d6cf40, 0x0000000012d6d058]
Event: 25.718 Thread 0x0000000027f8b000  802       4       jdk.internal.misc.Unsafe::checkSize (32 bytes)
Event: 25.718 Thread 0x0000000027f8b000 nmethod 802 0x0000000012d6d110 code [0x0000000012d6d2a0, 0x0000000012d6d358]
Event: 30.034 Thread 0x0000000027f8b000  803       4       java.nio.Buffer::limit (65 bytes)
Event: 30.035 Thread 0x0000000027f8b000 nmethod 803 0x0000000012d6d410 code [0x0000000012d6d5c0, 0x0000000012d6d6f8]
Event: 31.367 Thread 0x0000000027f8b000  804       4       java.lang.ref.Reference::<init> (25 bytes)
Event: 31.370 Thread 0x0000000027f8b000 nmethod 804 0x0000000012d6d810 code [0x0000000012d6d980, 0x0000000012d6dbb8]
Event: 35.960 Thread 0x0000000027f8b000  805       4       java.nio.Buffer::<init> (105 bytes)
Event: 35.962 Thread 0x0000000027f8b000 nmethod 805 0x0000000012d6dc10 code [0x0000000012d6dda0, 0x0000000012d6dfb8]
Event: 38.201 Thread 0x0000000027f8b000  806       4       jdk.internal.misc.Unsafe::checkNativeAddress (28 bytes)
Event: 38.201 Thread 0x0000000027f8b000 nmethod 806 0x0000000012d6e110 code [0x0000000012d6e280, 0x0000000012d6e2f8]
Event: 40.925 Thread 0x0000000027f8b000  807       4       org.joml.MemUtil$MemUtilUnsafe::put (43 bytes)
Event: 40.927 Thread 0x0000000027f8b000 nmethod 807 0x0000000012d6e410 code [0x0000000012d6e5a0, 0x0000000012d6e658]

GC Heap History (0 events):
No events

Deoptimization events (20 events):
Event: 0.170 Thread 0x0000000000421800 Uncommon trap: trap_request=0xffffff45 fr.pc=0x0000000012d37908 relative=0x0000000000000068
Event: 0.170 Thread 0x0000000000421800 Uncommon trap: reason=unstable_if action=reinterpret pc=0x0000000012d37908 method=java.lang.String.isLatin1()Z @ 10 c2
Event: 0.170 Thread 0x0000000000421800 DEOPT PACKING pc=0x0000000012d37908 sp=0x000000000230d210
Event: 0.170 Thread 0x0000000000421800 DEOPT UNPACKING pc=0x000000000b2a912f sp=0x000000000230d1a0 mode 2
Event: 0.671 Thread 0x0000000000421800 Uncommon trap: trap_request=0xffffff54 fr.pc=0x0000000012d55710 relative=0x0000000000000070
Event: 0.671 Thread 0x0000000000421800 Uncommon trap: reason=speculate_null_assert action=make_not_entrant pc=0x0000000012d55710 method=sun.misc.Unsafe.putLong(Ljava/lang/Object;JJ)V @ 7 c2
Event: 0.671 Thread 0x0000000000421800 DEOPT PACKING pc=0x0000000012d55710 sp=0x000000000230edb0
Event: 0.671 Thread 0x0000000000421800 DEOPT UNPACKING pc=0x000000000b2a912f sp=0x000000000230ed28 mode 2
Event: 0.802 Thread 0x0000000000421800 Uncommon trap: trap_request=0xffffff45 fr.pc=0x0000000012d35644 relative=0x0000000000000084
Event: 0.802 Thread 0x0000000000421800 Uncommon trap: reason=unstable_if action=reinterpret pc=0x0000000012d35644 method=java.lang.String.isLatin1()Z @ 10 c2
Event: 0.802 Thread 0x0000000000421800 DEOPT PACKING pc=0x0000000012d35644 sp=0x000000000230e020
Event: 0.802 Thread 0x0000000000421800 DEOPT UNPACKING pc=0x000000000b2a912f sp=0x000000000230df60 mode 2
Event: 0.803 Thread 0x0000000000421800 Uncommon trap: trap_request=0xffffff45 fr.pc=0x0000000012d578f8 relative=0x0000000000001138
Event: 0.803 Thread 0x0000000000421800 Uncommon trap: reason=unstable_if action=reinterpret pc=0x0000000012d578f8 method=java.util.LinkedHashMap.linkNodeLast(Ljava/util/LinkedHashMap$Entry;)V @ 11 c2
Event: 0.803 Thread 0x0000000000421800 DEOPT PACKING pc=0x0000000012d578f8 sp=0x000000000230d2a0
Event: 0.803 Thread 0x0000000000421800 DEOPT UNPACKING pc=0x000000000b2a912f sp=0x000000000230d150 mode 2
Event: 5.035 Thread 0x0000000000421800 Uncommon trap: trap_request=0xffffff54 fr.pc=0x0000000012d69908 relative=0x0000000000000068
Event: 5.035 Thread 0x0000000000421800 Uncommon trap: reason=speculate_null_assert action=make_not_entrant pc=0x0000000012d69908 method=sun.misc.Unsafe.getLong(Ljava/lang/Object;J)J @ 5 c2
Event: 5.035 Thread 0x0000000000421800 DEOPT PACKING pc=0x0000000012d69908 sp=0x000000000230f090
Event: 5.035 Thread 0x0000000000421800 DEOPT UNPACKING pc=0x000000000b2a912f sp=0x000000000230f018 mode 2

Classes unloaded (0 events):
No events

Classes redefined (0 events):
No events

Internal exceptions (11 events):
Event: 0.113 Thread 0x0000000000421800 Exception <a 'java/lang/NoSuchMethodError'{0x0000000715018580}: 'void java.lang.invoke.DelegatingMethodHandle$Holder.delegate(java.lang.Object, java.lang.Object, int, java.lang.Object)'> (0x0000000715018580) 
thrown [./open/src/hotspot/share/interpreter/linkResolver.cpp, line 766]
Event: 0.114 Thread 0x0000000000421800 Exception <a 'java/lang/NoSuchMethodError'{0x000000071501efd8}: 'java.lang.Object java.lang.invoke.DirectMethodHandle$Holder.invokeStaticInit(java.lang.Object, java.lang.Object, java.lang.Object)'> (0x000000071501efd8) 
thrown [./open/src/hotspot/share/interpreter/linkResolver.cpp, line 766]
Event: 0.157 Thread 0x0000000000421800 Exception <a 'sun/nio/fs/WindowsException'{0x00000007150f0ec8}> (0x00000007150f0ec8) 
thrown [./open/src/hotspot/share/prims/jni.cpp, line 599]
Event: 0.157 Thread 0x0000000000421800 Exception <a 'sun/nio/fs/WindowsException'{0x00000007150f1420}> (0x00000007150f1420) 
thrown [./open/src/hotspot/share/prims/jni.cpp, line 599]
Event: 0.180 Thread 0x0000000000421800 Exception <a 'sun/nio/fs/WindowsException'{0x0000000714f74c60}> (0x0000000714f74c60) 
thrown [./open/src/hotspot/share/prims/jni.cpp, line 599]
Event: 0.180 Thread 0x0000000000421800 Exception <a 'sun/nio/fs/WindowsException'{0x0000000714f74fd0}> (0x0000000714f74fd0) 
thrown [./open/src/hotspot/share/prims/jni.cpp, line 599]
Event: 0.624 Thread 0x0000000000421800 Exception <a 'sun/nio/fs/WindowsException'{0x0000000714ee2818}> (0x0000000714ee2818) 
thrown [./open/src/hotspot/share/prims/jni.cpp, line 599]
Event: 0.624 Thread 0x0000000000421800 Exception <a 'sun/nio/fs/WindowsException'{0x0000000714ee2bc8}> (0x0000000714ee2bc8) 
thrown [./open/src/hotspot/share/prims/jni.cpp, line 599]
Event: 0.628 Thread 0x0000000000421800 Exception <a 'sun/nio/fs/WindowsException'{0x0000000714d00f48}> (0x0000000714d00f48) 
thrown [./open/src/hotspot/share/prims/jni.cpp, line 599]
Event: 0.628 Thread 0x0000000000421800 Exception <a 'sun/nio/fs/WindowsException'{0x0000000714d01230}> (0x0000000714d01230) 
thrown [./open/src/hotspot/share/prims/jni.cpp, line 599]
Event: 0.797 Thread 0x0000000000421800 Exception <a 'java/lang/NoSuchMethodError'{0x00000007143aa110}: 'void java.lang.invoke.DirectMethodHandle$Holder.invokeStatic(java.lang.Object, long, int, int)'> (0x00000007143aa110) 
thrown [./open/src/hotspot/share/interpreter/linkResolver.cpp, line 766]

Events (20 events):
Event: 0.841 loading class java/lang/SecurityException
Event: 0.841 loading class java/lang/SecurityException done
Event: 0.844 loading class jdk/internal/access/foreign/MemorySegmentProxy
Event: 0.844 loading class jdk/internal/access/foreign/MemorySegmentProxy done
Event: 0.912 loading class java/lang/NumberFormatException
Event: 0.912 loading class java/lang/NumberFormatException done
Event: 1.024 Thread 0x0000000029937800 Thread exited: 0x0000000029937800
Event: 3.239 Loaded shared library C:\Users\Filip\AppData\Local\Temp\lwjglFilip\3.2.3-build-13\lwjgl_opengl.dll
Event: 3.243 Loaded shared library C:\Users\Filip\AppData\Local\Temp\lwjglFilip\3.2.3-build-13\lwjgl_opengl.dll
Event: 4.508 Loaded shared library C:\Users\Filip\AppData\Local\Temp\lwjglFilip\3.2.3-build-13\lwjgl_opengl.dll
Event: 5.121 Loaded shared library C:\Users\Filip\AppData\Local\Temp\lwjglFilip\3.2.3-build-13\lwjgl_opengl.dll
Event: 5.123 Loaded shared library C:\Users\Filip\AppData\Local\Temp\lwjglFilip\3.2.3-build-13\lwjgl.dll
Event: 5.136 Loaded shared library C:\Users\Filip\AppData\Local\Temp\lwjglFilip\3.2.3-build-13\lwjgl.dll
Event: 5.138 Loaded shared library C:\Users\Filip\AppData\Local\Temp\lwjglFilip\3.2.3-build-13\lwjgl.dll
Event: 5.142 Loaded shared library C:\Users\Filip\AppData\Local\Temp\lwjglFilip\3.2.3-build-13\lwjgl_opengl.dll
Event: 5.146 Loaded shared library C:\Users\Filip\AppData\Local\Temp\lwjglFilip\3.2.3-build-13\lwjgl_opengl.dll
Event: 5.160 Loaded shared library C:\Users\Filip\AppData\Local\Temp\lwjglFilip\3.2.3-build-13\lwjgl.dll
Event: 6.006 Loaded shared library C:\Users\Filip\AppData\Local\Temp\lwjglFilip\3.2.3-build-13\lwjgl_opengl.dll
Event: 7.256 Loaded shared library C:\Users\Filip\AppData\Local\Temp\lwjglFilip\3.2.3-build-13\lwjgl_opengl.dll
Event: 7.273 Loaded shared library C:\Users\Filip\AppData\Local\Temp\lwjglFilip\3.2.3-build-13\lwjgl_opengl.dll


Dynamic libraries:
0x000000013fbf0000 - 0x000000013fbff000 	C:\Program Files\Java\jdk-14.0.2\bin\java.exe
0x0000000077540000 - 0x00000000776df000 	C:\Windows\SYSTEM32\ntdll.dll
0x0000000077420000 - 0x000000007753f000 	C:\Windows\system32\kernel32.dll
0x000007fefd3d0000 - 0x000007fefd437000 	C:\Windows\system32\KERNELBASE.dll
0x000007fef7010000 - 0x000007fef7028000 	C:\Program Files\Java\jdk-14.0.2\bin\jli.dll
0x000007fefe390000 - 0x000007fefe46b000 	C:\Windows\system32\ADVAPI32.dll
0x000007fefe7d0000 - 0x000007fefe86f000 	C:\Windows\system32\msvcrt.dll
0x000007fefe8a0000 - 0x000007fefe8bf000 	C:\Windows\SYSTEM32\sechost.dll
0x000007fefe260000 - 0x000007fefe38c000 	C:\Windows\system32\RPCRT4.dll
0x000007fefa0e0000 - 0x000007fefa2d5000 	C:\Windows\WinSxS\amd64_microsoft.windows.common-controls_6595b64144ccf1df_6.0.7601.24483_none_e372d88f30fbb845\COMCTL32.dll
0x000007fefdd40000 - 0x000007fefdda7000 	C:\Windows\system32\GDI32.dll
0x0000000077320000 - 0x000000007741b000 	C:\Windows\system32\USER32.dll
0x000007fefe550000 - 0x000007fefe55e000 	C:\Windows\system32\LPK.dll
0x000007fefe700000 - 0x000007fefe7cb000 	C:\Windows\system32\USP10.dll
0x000007fefea00000 - 0x000007fefea71000 	C:\Windows\system32\SHLWAPI.dll
0x000007fefcfc0000 - 0x000007fefcfcc000 	C:\Windows\system32\VERSION.dll
0x000007fef7030000 - 0x000007fef7045000 	C:\Program Files\Java\jdk-14.0.2\bin\VCRUNTIME140.dll
0x000007fef6880000 - 0x000007fef6884000 	C:\Program Files\Java\jdk-14.0.2\bin\api-ms-win-crt-runtime-l1-1-0.dll
0x000007feec020000 - 0x000007feec11c000 	C:\Program Files\Java\jdk-14.0.2\bin\ucrtbase.DLL
0x000007fef73f0000 - 0x000007fef73f3000 	C:\Program Files\Java\jdk-14.0.2\bin\api-ms-win-core-localization-l1-2-0.dll
0x000007feedca0000 - 0x000007feedca3000 	C:\Program Files\Java\jdk-14.0.2\bin\api-ms-win-core-processthreads-l1-1-1.dll
0x000007fef2bd0000 - 0x000007fef2bd3000 	C:\Program Files\Java\jdk-14.0.2\bin\api-ms-win-core-file-l1-2-0.dll
0x000007feed9b0000 - 0x000007feed9b3000 	C:\Program Files\Java\jdk-14.0.2\bin\api-ms-win-core-timezone-l1-1-0.dll
0x000007feed9c0000 - 0x000007feed9c3000 	C:\Program Files\Java\jdk-14.0.2\bin\api-ms-win-core-file-l2-1-0.dll
0x000007feed650000 - 0x000007feed653000 	C:\Program Files\Java\jdk-14.0.2\bin\api-ms-win-core-synch-l1-2-0.dll
0x000007feed9a0000 - 0x000007feed9a3000 	C:\Program Files\Java\jdk-14.0.2\bin\api-ms-win-crt-heap-l1-1-0.dll
0x000007feed630000 - 0x000007feed634000 	C:\Program Files\Java\jdk-14.0.2\bin\api-ms-win-crt-string-l1-1-0.dll
0x000007feed640000 - 0x000007feed644000 	C:\Program Files\Java\jdk-14.0.2\bin\api-ms-win-crt-stdio-l1-1-0.dll
0x000007feec7f0000 - 0x000007feec7f4000 	C:\Program Files\Java\jdk-14.0.2\bin\api-ms-win-crt-convert-l1-1-0.dll
0x000007feec7e0000 - 0x000007feec7e3000 	C:\Program Files\Java\jdk-14.0.2\bin\api-ms-win-crt-environment-l1-1-0.dll
0x000007feec7d0000 - 0x000007feec7d3000 	C:\Program Files\Java\jdk-14.0.2\bin\api-ms-win-crt-filesystem-l1-1-0.dll
0x000007feec7c0000 - 0x000007feec7c5000 	C:\Program Files\Java\jdk-14.0.2\bin\api-ms-win-crt-math-l1-1-0.dll
0x000007feec7b0000 - 0x000007feec7b3000 	C:\Program Files\Java\jdk-14.0.2\bin\api-ms-win-crt-locale-l1-1-0.dll
0x000007fefe870000 - 0x000007fefe89e000 	C:\Windows\system32\IMM32.DLL
0x000007fefe560000 - 0x000007fefe66b000 	C:\Windows\system32\MSCTF.dll
0x000007fefcfd0000 - 0x000007fefd000000 	C:\Windows\system32\nvinitx.dll
0x000007feebf80000 - 0x000007feec01b000 	C:\Program Files\Java\jdk-14.0.2\bin\msvcp140.dll
0x000007feec7a0000 - 0x000007feec7a3000 	C:\Program Files\Java\jdk-14.0.2\bin\api-ms-win-crt-time-l1-1-0.dll
0x000007feec790000 - 0x000007feec793000 	C:\Program Files\Java\jdk-14.0.2\bin\api-ms-win-crt-utility-l1-1-0.dll
0x000007fedfb10000 - 0x000007fee062e000 	C:\Program Files\Java\jdk-14.0.2\bin\server\jvm.dll
0x000007febe510000 - 0x000007febe519000 	C:\Windows\system32\WSOCK32.dll
0x000007fefddb0000 - 0x000007fefddfd000 	C:\Windows\system32\WS2_32.dll
0x000007fefe6f0000 - 0x000007fefe6f8000 	C:\Windows\system32\NSI.dll
0x000007fef8030000 - 0x000007fef806b000 	C:\Windows\system32\WINMM.dll
0x00000000776f0000 - 0x00000000776f7000 	C:\Windows\system32\PSAPI.DLL
0x000007feec780000 - 0x000007feec78a000 	C:\Program Files\Java\jdk-14.0.2\bin\jimage.dll
0x000007fef7e70000 - 0x000007fef7f95000 	C:\Windows\system32\DBGHELP.DLL
0x000007feec750000 - 0x000007feec775000 	C:\Program Files\Java\jdk-14.0.2\bin\java.dll
0x000007feebf60000 - 0x000007feebf76000 	C:\Program Files\Java\jdk-14.0.2\bin\zip.dll
0x000007fefea80000 - 0x000007feff80b000 	C:\Windows\system32\SHELL32.dll
0x000007fefd900000 - 0x000007fefdaff000 	C:\Windows\system32\ole32.dll
0x000007fefd090000 - 0x000007fefd09f000 	C:\Windows\system32\profapi.dll
0x000007feebf40000 - 0x000007feebf59000 	C:\Program Files\Java\jdk-14.0.2\bin\net.dll
0x000007feec4a0000 - 0x000007feec511000 	C:\Windows\system32\WINHTTP.dll
0x000007feec430000 - 0x000007feec495000 	C:\Windows\system32\webio.dll
0x000007fefc7d0000 - 0x000007fefc825000 	C:\Windows\system32\mswsock.dll
0x000007fefc7c0000 - 0x000007fefc7c7000 	C:\Windows\System32\wship6.dll
0x000007feebf20000 - 0x000007feebf32000 	C:\Program Files\Java\jdk-14.0.2\bin\nio.dll
0x000007feec850000 - 0x000007feec8b4000 	C:\Users\Filip\AppData\Local\Temp\lwjglFilip\3.2.3-build-13\lwjgl.dll
0x000007feecde0000 - 0x000007feece42000 	C:\Users\Filip\AppData\Local\Temp\lwjglFilip\3.2.3-build-13\glfw.dll
0x000007fef9cb0000 - 0x000007fef9d06000 	C:\Windows\system32\uxtheme.dll
0x000007feebeb0000 - 0x000007feebeec000 	C:\Windows\system32\dinput8.dll
0x0000000000560000 - 0x000000000057e000 	C:\Windows\system32\xinput1_3.dll
0x000007fefdb00000 - 0x000007fefdcd7000 	C:\Windows\system32\SETUPAPI.dll
0x000007fefd0b0000 - 0x000007fefd0e6000 	C:\Windows\system32\CFGMGR32.dll
0x000007fefe470000 - 0x000007fefe54b000 	C:\Windows\system32\OLEAUT32.dll
0x000007fefd200000 - 0x000007fefd21a000 	C:\Windows\system32\DEVOBJ.dll
0x000007fef99d0000 - 0x000007fef99e8000 	C:\Windows\system32\dwmapi.dll
0x000007fef99f0000 - 0x000007fef99fb000 	C:\Windows\system32\HID.DLL
0x000007fefd190000 - 0x000007fefd1cb000 	C:\Windows\system32\WINTRUST.dll
0x000007fefd230000 - 0x000007fefd39d000 	C:\Windows\system32\CRYPT32.dll
0x000007fefd0a0000 - 0x000007fefd0af000 	C:\Windows\system32\MSASN1.dll
0x000007feee0b0000 - 0x000007feee1cd000 	C:\Windows\system32\opengl32.dll
0x000007feee080000 - 0x000007feee0ad000 	C:\Windows\system32\GLU32.dll
0x000007feedf80000 - 0x000007feee071000 	C:\Windows\system32\DDRAW.dll
0x000007fef5d90000 - 0x000007fef5d98000 	C:\Windows\system32\DCIMAN32.dll
0x0000000068a30000 - 0x000000006b0e4000 	C:\Windows\system32\nvoglv64.DLL
0x000007fefacd0000 - 0x000007feface1000 	C:\Windows\system32\WTSAPI32.dll
0x000007fefaa70000 - 0x000007fefaa9d000 	C:\Windows\system32\ntmarta.dll
0x000007fefdce0000 - 0x000007fefdd32000 	C:\Windows\system32\WLDAP32.dll
0x000007fefc780000 - 0x000007fefc7bd000 	C:\Windows\system32\WINSTA.dll
0x000007fefcef0000 - 0x000007fefceff000 	C:\Windows\system32\CRYPTBASE.dll
0x000007feea640000 - 0x000007feea699000 	C:\Users\Filip\AppData\Local\Temp\lwjglFilip\3.2.3-build-13\lwjgl_opengl.dll
0x000007feebf10000 - 0x000007feebf20000 	C:\Program Files\Java\jdk-14.0.2\bin\verify.dll

dbghelp: loaded successfully - version: 4.0.5 - missing functions: none
symbol engine: initialized successfully - sym options: 0x614 - pdb path: .;C:\Program Files\Java\jdk-14.0.2\bin;C:\Windows\SYSTEM32;C:\Windows\WinSxS\amd64_microsoft.windows.common-controls_6595b64144ccf1df_6.0.7601.24483_none_e372d88f30fbb845;C:\Program Files\Java\jdk-14.0.2\bin\server;C:\Users\Filip\AppData\Local\Temp\lwjglFilip\3.2.3-build-13

VM Arguments:
jvm_args: -Dfile.encoding=windows-1250 -Duser.country=CZ -Duser.language=cs -Duser.variant 
java_command: educanet.Main
java_class_path (initial): C:\prg\Maze\build\classes\java\main;C:\prg\Maze\build\resources\main;C:\Users\Filip\.gradle\caches\modules-2\files-2.1\org.lwjgl\lwjgl-assimp\3.2.3\f62aa07a20afbdd3097efc296c4841e0d29700eb\lwjgl-assimp-3.2.3.jar;C:\Users\Filip\.gradle\caches\modules-2\files-2.1\org.lwjgl\lwjgl-assimp\3.2.3\4e60aeb75f0343c4a9ede4ef8b6b32ca702a00a3\lwjgl-assimp-3.2.3-natives-windows.jar;C:\Users\Filip\.gradle\caches\modules-2\files-2.1\org.lwjgl\lwjgl-glfw\3.2.3\5e520d5c290c8b012545a8d34fa5db5ab051ea53\lwjgl-glfw-3.2.3.jar;C:\Users\Filip\.gradle\caches\modules-2\files-2.1\org.lwjgl\lwjgl-glfw\3.2.3\b4d8a3477cdc2edcf7a5f1e822926be846223f54\lwjgl-glfw-3.2.3-natives-windows.jar;C:\Users\Filip\.gradle\caches\modules-2\files-2.1\org.lwjgl\lwjgl-openal\3.2.3\106742e805803ab9eab8e343f0fb31a3d263903c\lwjgl-openal-3.2.3.jar;C:\Users\Filip\.gradle\caches\modules-2\files-2.1\org.lwjgl\lwjgl-openal\3.2.3\ec898e8ce11b5886f4f532a1536283ef2817758d\lwjgl-openal-3.2.3-natives-windows.jar;C:\Users\Filip\.gradle\caches\modules-2\files-2.1\org.lwjgl\lwjgl-opengl\3.2.3\bdd534a323d0c8f54969b95e424b6ac8984f7d6e\lwjgl-opengl-3.2.3.jar;C:\Users\Filip\.gradle\caches\modules-2\files-2.1\org.lwjgl\lwjgl-opengl\3.2.3\e81cfc73ec8708e5e791ed770e4ec3edfc1bbab1\lwjgl-opengl-3.2.3-natives-windows.jar;C:\Users\Filip\.gradle\caches\modules-2\files-2.1\org.lwjgl\lwjgl-stb\3.2.3\40eccaa4fa86fc815f2e17946a392fb5fdcc286a\lwjgl-stb-3.2.3.jar;C:\Users\Filip\.gradle\caches\modules-2\files-2.1\org.lwjgl\lwjgl-stb\3.2.3\817b21ec286f0ba3dcedb56a3bd275e6a9345be9\lwjgl-stb-3.2.3-natives-windows.jar;C:\Users\Filip\.gradle\caches\modules-2\files-2.1\org.lwjgl\lwjgl\3.2.3\17a59ba0fe8d474ec9dbe0d5db40d2cfe59c4c08\lwjgl-3.2.3.jar;C:\Users\Filip\.gradle\caches\modules-2\files-2.1\org.lwjgl\lwjgl\3.2.3\27f32cd35349684745951e04388e8e00d681cdcd\lwjgl-3.2.3-natives-windows.jar;C:\Users\Filip\.gradle\caches\modules-2\files-2.1\org.joml\joml\1.10.0\a29b8bf72dc1478e9ceea256db214188da94f313\joml-1.10.0.jar
Launcher Type: SUN_STANDARD

[Global flags]
     intx CICompilerCount                          = 4                                         {product} {ergonomic}
     uint ConcGCThreads                            = 2                                         {product} {ergonomic}
     uint G1ConcRefinementThreads                  = 8                                         {product} {ergonomic}
   size_t G1HeapRegionSize                         = 1048576                                   {product} {ergonomic}
    uintx GCDrainStackTargetSize                   = 64                                        {product} {ergonomic}
   size_t InitialHeapSize                          = 264241152                                 {product} {ergonomic}
   size_t MarkStackSize                            = 4194304                                   {product} {ergonomic}
   size_t MaxHeapSize                              = 4202692608                                {product} {ergonomic}
   size_t MaxNewSize                               = 2520776704                                {product} {ergonomic}
   size_t MinHeapDeltaBytes                        = 1048576                                   {product} {ergonomic}
   size_t MinHeapSize                              = 8388608                                   {product} {ergonomic}
    uintx NonNMethodCodeHeapSize                   = 5839372                                {pd product} {ergonomic}
    uintx NonProfiledCodeHeapSize                  = 122909434                              {pd product} {ergonomic}
    uintx ProfiledCodeHeapSize                     = 122909434                              {pd product} {ergonomic}
    uintx ReservedCodeCacheSize                    = 251658240                              {pd product} {ergonomic}
     bool SegmentedCodeCache                       = true                                      {product} {ergonomic}
   size_t SoftMaxHeapSize                          = 4202692608                             {manageable} {ergonomic}
     bool UseCompressedClassPointers               = true                                 {lp64_product} {ergonomic}
     bool UseCompressedOops                        = true                                 {lp64_product} {ergonomic}
     bool UseG1GC                                  = true                                      {product} {ergonomic}
     bool UseLargePagesIndividualAllocation        = false                                  {pd product} {ergonomic}

Logging:
Log output configuration:
 #0: stdout all=warning uptime,level,tags
 #1: stderr all=off uptime,level,tags

Environment Variables:
JAVA_HOME=C:\Program Files\Java\jdk-14.0.2
PATH=C:\Program Files (x86)\Common Files\Oracle\Java\javapath;C:\Program Files\Java\jdk-14.0.2\bin;C:\Program Files\nodejs\;C:\Program Files\Git\cmd;C:\Program Files\apache-maven-3.6.3\bin;C:\Windows\system32;C:\Users\Filip\AppData\Local\Programs\Microsoft VS Code\bin;C:\Program Files\dart-sass;C:\Users\Filip\AppData\Roaming\Composer\vendor\bin;C:\Program Files\JetBrains\IntelliJ IDEA Community Edition 2020.2.2\bin;;C:\Users\Filip\AppData\Roaming\npm;C:\Program Files\JetBrains\IntelliJ IDEA 2020.3.2\bin;
USERNAME=Filip
OS=Windows_NT
PROCESSOR_IDENTIFIER=Intel64 Family 6 Model 60 Stepping 3, GenuineIntel



---------------  S Y S T E M  ---------------

OS: Windows 7 , 64 bit Build 7601 (6.1.7601.24545)
OS uptime: 1 days 6:42 hours

CPU:total 8 (initial active 8) (4 cores per cpu, 2 threads per core) family 6 model 60 stepping 3, cmov, cx8, fxsr, mmx, sse, sse2, sse3, ssse3, sse4.1, sse4.2, popcnt, avx, avx2, aes, clmul, erms, rtm, lzcnt, ht, tsc, tscinvbit, bmi1, bmi2, fma

Memory: 4k page, system-wide physical 16025M (6334M free)
TotalPageFile size 32048M (AvailPageFile size 19837M)
current process WorkingSet (physical memory assigned to process): 98M, peak: 104M
current process commit charge ("private bytes"): 402M, peak: 411M

vm_info: Java HotSpot(TM) 64-Bit Server VM (14.0.2+12-46) for windows-amd64 JRE (14.0.2+12-46), built on Jul  9 2020 00:35:52 by "mach5one" with MS VC++ 15.9 (VS2017)

END.
